<?xml version="1.0" encoding="UTF-8"?>
<!-- Generated by org.testng.reporters.JUnitXMLReporter -->
<testsuite hostname="DESKTOP-A15AP0F" ignored="0" name="Default test" tests="5" failures="0" timestamp="2021-09-23T17:16:04 IST" time="267.931" errors="0">
  <testcase name="tc_01_add_One_Item_In_Cart_and_Validate_the_item" time="22.115" classname="com.amazon.testCases.TC_001_Amazon"/>
  <testcase name="tc_01_add_One_Item_In_Cart_and_Validate_the_item" time="36.282" classname="com.amazon.testCases.TC_001_Amazon"/>
  <testcase name="tc_01_add_One_Item_In_Cart_and_Validate_the_item" time="29.06" classname="com.amazon.testCases.TC_001_Amazon"/>
  <testcase name="tc_01_add_One_Item_In_Cart_and_Validate_the_item" time="25.757" classname="com.amazon.testCases.TC_001_Amazon"/>
  <testcase name="tc_01_add_One_Item_In_Cart_and_Validate_the_item" time="16.063" classname="com.amazon.testCases.TC_001_Amazon"/>
</testsuite> <!-- Default test -->
