<?xml version="1.0" encoding="UTF-8"?>
<!-- Generated by org.testng.reporters.JUnitXMLReporter -->
<testsuite hostname="DESKTOP-A15AP0F" ignored="0" name="Test" tests="10" failures="0" timestamp="2021-09-23T17:46:51 IST" time="383.411" errors="0">
  <testcase name="tc_01_add_One_Item_In_Cart_and_Validate_the_item" time="28.266" classname="com.amazon.testCases.TC_001_Amazon"/>
  <testcase name="tc_01_add_One_Item_In_Cart_and_Validate_the_item" time="15.125" classname="com.amazon.testCases.TC_001_Amazon"/>
  <testcase name="tc_01_add_One_Item_In_Cart_and_Validate_the_item" time="13.198" classname="com.amazon.testCases.TC_001_Amazon"/>
  <testcase name="tc_01_add_One_Item_In_Cart_and_Validate_the_item" time="15.982" classname="com.amazon.testCases.TC_001_Amazon"/>
  <testcase name="tc_01_add_One_Item_In_Cart_and_Validate_the_item" time="15.678" classname="com.amazon.testCases.TC_001_Amazon"/>
  <testcase name="tc_002_add_more_items_and_validate" time="30.639" classname="com.amazon.testCases.TC_002_Amazon"/>
  <testcase name="tc_002_add_more_items_and_validate" time="27.498" classname="com.amazon.testCases.TC_002_Amazon"/>
  <testcase name="tc_002_add_more_items_and_validate" time="30.133" classname="com.amazon.testCases.TC_002_Amazon"/>
  <testcase name="tc_002_add_more_items_and_validate" time="30.777" classname="com.amazon.testCases.TC_002_Amazon"/>
  <testcase name="tc_002_add_more_items_and_validate" time="33.017" classname="com.amazon.testCases.TC_002_Amazon"/>
</testsuite> <!-- Test -->
