<?xml version="1.0" encoding="UTF-8"?>
<testng-results skipped="0" failed="0" ignored="0" total="10" passed="10">
  <reporter-output>
  </reporter-output>
  <suite name="Suite" duration-ms="383411" started-at="2021-09-23T17:40:28 IST" finished-at="2021-09-23T17:46:51 IST">
    <groups>
    </groups>
    <test name="Test" duration-ms="383411" started-at="2021-09-23T17:40:28 IST" finished-at="2021-09-23T17:46:51 IST">
      <class name="com.amazon.testCases.TC_002_Amazon">
        <test-method status="PASS" signature="setUp()[pri:0, instance:com.amazon.testCases.TC_002_Amazon@470f1802]" name="setUp" is-config="true" duration-ms="9537" started-at="2021-09-23T17:43:07 IST" finished-at="2021-09-23T17:43:16 IST">
          <reporter-output>
          </reporter-output>
        </test-method> <!-- setUp -->
        <test-method status="PASS" signature="tc_002_add_more_items_and_validate(java.lang.String, java.lang.String)[pri:0, instance:com.amazon.testCases.TC_002_Amazon@470f1802]" name="tc_002_add_more_items_and_validate" duration-ms="30639" started-at="2021-09-23T17:43:16 IST" data-provider="getProductName" finished-at="2021-09-23T17:43:47 IST">
          <params>
            <param index="0">
              <value>
                <![CDATA[Hair Dryer]]>
              </value>
            </param>
            <param index="1">
              <value>
                <![CDATA[Samsung Galaxy A1]]>
              </value>
            </param>
          </params>
          <reporter-output>
          </reporter-output>
        </test-method> <!-- tc_002_add_more_items_and_validate -->
        <test-method status="PASS" signature="tearDown()[pri:0, instance:com.amazon.testCases.TC_002_Amazon@470f1802]" name="tearDown" is-config="true" duration-ms="969" started-at="2021-09-23T17:43:47 IST" finished-at="2021-09-23T17:43:48 IST">
          <reporter-output>
          </reporter-output>
        </test-method> <!-- tearDown -->
        <test-method status="PASS" signature="setUp()[pri:0, instance:com.amazon.testCases.TC_002_Amazon@470f1802]" name="setUp" is-config="true" duration-ms="13937" started-at="2021-09-23T17:43:48 IST" finished-at="2021-09-23T17:44:02 IST">
          <reporter-output>
          </reporter-output>
        </test-method> <!-- setUp -->
        <test-method status="PASS" signature="tc_002_add_more_items_and_validate(java.lang.String, java.lang.String)[pri:0, instance:com.amazon.testCases.TC_002_Amazon@470f1802]" name="tc_002_add_more_items_and_validate" duration-ms="27498" started-at="2021-09-23T17:44:02 IST" data-provider="getProductName" finished-at="2021-09-23T17:44:30 IST">
          <params>
            <param index="0">
              <value>
                <![CDATA[Samsung Galaxy A1]]>
              </value>
            </param>
            <param index="1">
              <value>
                <![CDATA[Airpods]]>
              </value>
            </param>
          </params>
          <reporter-output>
          </reporter-output>
        </test-method> <!-- tc_002_add_more_items_and_validate -->
        <test-method status="PASS" signature="tearDown()[pri:0, instance:com.amazon.testCases.TC_002_Amazon@470f1802]" name="tearDown" is-config="true" duration-ms="1002" started-at="2021-09-23T17:44:30 IST" finished-at="2021-09-23T17:44:31 IST">
          <reporter-output>
          </reporter-output>
        </test-method> <!-- tearDown -->
        <test-method status="PASS" signature="setUp()[pri:0, instance:com.amazon.testCases.TC_002_Amazon@470f1802]" name="setUp" is-config="true" duration-ms="13542" started-at="2021-09-23T17:44:31 IST" finished-at="2021-09-23T17:44:44 IST">
          <reporter-output>
          </reporter-output>
        </test-method> <!-- setUp -->
        <test-method status="PASS" signature="tc_002_add_more_items_and_validate(java.lang.String, java.lang.String)[pri:0, instance:com.amazon.testCases.TC_002_Amazon@470f1802]" name="tc_002_add_more_items_and_validate" duration-ms="30133" started-at="2021-09-23T17:44:44 IST" data-provider="getProductName" finished-at="2021-09-23T17:45:14 IST">
          <params>
            <param index="0">
              <value>
                <![CDATA[PS4]]>
              </value>
            </param>
            <param index="1">
              <value>
                <![CDATA[Samsung Galaxy A1]]>
              </value>
            </param>
          </params>
          <reporter-output>
          </reporter-output>
        </test-method> <!-- tc_002_add_more_items_and_validate -->
        <test-method status="PASS" signature="tearDown()[pri:0, instance:com.amazon.testCases.TC_002_Amazon@470f1802]" name="tearDown" is-config="true" duration-ms="1124" started-at="2021-09-23T17:45:14 IST" finished-at="2021-09-23T17:45:15 IST">
          <reporter-output>
          </reporter-output>
        </test-method> <!-- tearDown -->
        <test-method status="PASS" signature="setUp()[pri:0, instance:com.amazon.testCases.TC_002_Amazon@470f1802]" name="setUp" is-config="true" duration-ms="15183" started-at="2021-09-23T17:45:15 IST" finished-at="2021-09-23T17:45:31 IST">
          <reporter-output>
          </reporter-output>
        </test-method> <!-- setUp -->
        <test-method status="PASS" signature="tc_002_add_more_items_and_validate(java.lang.String, java.lang.String)[pri:0, instance:com.amazon.testCases.TC_002_Amazon@470f1802]" name="tc_002_add_more_items_and_validate" duration-ms="30777" started-at="2021-09-23T17:45:31 IST" data-provider="getProductName" finished-at="2021-09-23T17:46:01 IST">
          <params>
            <param index="0">
              <value>
                <![CDATA[Mivi Play 5 Watt Truly Wireless Bluetooth Portable Speaker (Black)]]>
              </value>
            </param>
            <param index="1">
              <value>
                <![CDATA[Airpods]]>
              </value>
            </param>
          </params>
          <reporter-output>
          </reporter-output>
        </test-method> <!-- tc_002_add_more_items_and_validate -->
        <test-method status="PASS" signature="tearDown()[pri:0, instance:com.amazon.testCases.TC_002_Amazon@470f1802]" name="tearDown" is-config="true" duration-ms="1473" started-at="2021-09-23T17:46:02 IST" finished-at="2021-09-23T17:46:03 IST">
          <reporter-output>
          </reporter-output>
        </test-method> <!-- tearDown -->
        <test-method status="PASS" signature="setUp()[pri:0, instance:com.amazon.testCases.TC_002_Amazon@470f1802]" name="setUp" is-config="true" duration-ms="13732" started-at="2021-09-23T17:46:03 IST" finished-at="2021-09-23T17:46:17 IST">
          <reporter-output>
          </reporter-output>
        </test-method> <!-- setUp -->
        <test-method status="PASS" signature="tc_002_add_more_items_and_validate(java.lang.String, java.lang.String)[pri:0, instance:com.amazon.testCases.TC_002_Amazon@470f1802]" name="tc_002_add_more_items_and_validate" duration-ms="33017" started-at="2021-09-23T17:46:17 IST" data-provider="getProductName" finished-at="2021-09-23T17:46:50 IST">
          <params>
            <param index="0">
              <value>
                <![CDATA[Mivi Play 5 Watt Truly Wireless Bluetooth Portable Speaker (Black)]]>
              </value>
            </param>
            <param index="1">
              <value>
                <![CDATA[Hair Dryer]]>
              </value>
            </param>
          </params>
          <reporter-output>
          </reporter-output>
        </test-method> <!-- tc_002_add_more_items_and_validate -->
        <test-method status="PASS" signature="tearDown()[pri:0, instance:com.amazon.testCases.TC_002_Amazon@470f1802]" name="tearDown" is-config="true" duration-ms="1147" started-at="2021-09-23T17:46:50 IST" finished-at="2021-09-23T17:46:51 IST">
          <reporter-output>
          </reporter-output>
        </test-method> <!-- tearDown -->
      </class> <!-- com.amazon.testCases.TC_002_Amazon -->
      <class name="com.amazon.testCases.TC_001_Amazon">
        <test-method status="PASS" signature="setUp()[pri:0, instance:com.amazon.testCases.TC_001_Amazon@3e2e18f2]" name="setUp" is-config="true" duration-ms="18878" started-at="2021-09-23T17:40:29 IST" finished-at="2021-09-23T17:40:47 IST">
          <reporter-output>
          </reporter-output>
        </test-method> <!-- setUp -->
        <test-method status="PASS" signature="tc_01_add_One_Item_In_Cart_and_Validate_the_item(java.lang.String)[pri:0, instance:com.amazon.testCases.TC_001_Amazon@3e2e18f2]" name="tc_01_add_One_Item_In_Cart_and_Validate_the_item" duration-ms="28266" started-at="2021-09-23T17:40:49 IST" data-provider="getProductName" finished-at="2021-09-23T17:41:17 IST">
          <params>
            <param index="0">
              <value>
                <![CDATA[Hair Dryer]]>
              </value>
            </param>
          </params>
          <reporter-output>
          </reporter-output>
        </test-method> <!-- tc_01_add_One_Item_In_Cart_and_Validate_the_item -->
        <test-method status="PASS" signature="tearDown()[pri:0, instance:com.amazon.testCases.TC_001_Amazon@3e2e18f2]" name="tearDown" is-config="true" duration-ms="1730" started-at="2021-09-23T17:41:17 IST" finished-at="2021-09-23T17:41:19 IST">
          <reporter-output>
          </reporter-output>
        </test-method> <!-- tearDown -->
        <test-method status="PASS" signature="setUp()[pri:0, instance:com.amazon.testCases.TC_001_Amazon@3e2e18f2]" name="setUp" is-config="true" duration-ms="12734" started-at="2021-09-23T17:41:19 IST" finished-at="2021-09-23T17:41:32 IST">
          <reporter-output>
          </reporter-output>
        </test-method> <!-- setUp -->
        <test-method status="PASS" signature="tc_01_add_One_Item_In_Cart_and_Validate_the_item(java.lang.String)[pri:0, instance:com.amazon.testCases.TC_001_Amazon@3e2e18f2]" name="tc_01_add_One_Item_In_Cart_and_Validate_the_item" duration-ms="15125" started-at="2021-09-23T17:41:32 IST" data-provider="getProductName" finished-at="2021-09-23T17:41:47 IST">
          <params>
            <param index="0">
              <value>
                <![CDATA[Samsung Galaxy A1]]>
              </value>
            </param>
          </params>
          <reporter-output>
          </reporter-output>
        </test-method> <!-- tc_01_add_One_Item_In_Cart_and_Validate_the_item -->
        <test-method status="PASS" signature="tearDown()[pri:0, instance:com.amazon.testCases.TC_001_Amazon@3e2e18f2]" name="tearDown" is-config="true" duration-ms="865" started-at="2021-09-23T17:41:47 IST" finished-at="2021-09-23T17:41:48 IST">
          <reporter-output>
          </reporter-output>
        </test-method> <!-- tearDown -->
        <test-method status="PASS" signature="setUp()[pri:0, instance:com.amazon.testCases.TC_001_Amazon@3e2e18f2]" name="setUp" is-config="true" duration-ms="9952" started-at="2021-09-23T17:41:48 IST" finished-at="2021-09-23T17:41:58 IST">
          <reporter-output>
          </reporter-output>
        </test-method> <!-- setUp -->
        <test-method status="PASS" signature="tc_01_add_One_Item_In_Cart_and_Validate_the_item(java.lang.String)[pri:0, instance:com.amazon.testCases.TC_001_Amazon@3e2e18f2]" name="tc_01_add_One_Item_In_Cart_and_Validate_the_item" duration-ms="13198" started-at="2021-09-23T17:41:58 IST" data-provider="getProductName" finished-at="2021-09-23T17:42:11 IST">
          <params>
            <param index="0">
              <value>
                <![CDATA[Airpods]]>
              </value>
            </param>
          </params>
          <reporter-output>
          </reporter-output>
        </test-method> <!-- tc_01_add_One_Item_In_Cart_and_Validate_the_item -->
        <test-method status="PASS" signature="tearDown()[pri:0, instance:com.amazon.testCases.TC_001_Amazon@3e2e18f2]" name="tearDown" is-config="true" duration-ms="866" started-at="2021-09-23T17:42:11 IST" finished-at="2021-09-23T17:42:12 IST">
          <reporter-output>
          </reporter-output>
        </test-method> <!-- tearDown -->
        <test-method status="PASS" signature="setUp()[pri:0, instance:com.amazon.testCases.TC_001_Amazon@3e2e18f2]" name="setUp" is-config="true" duration-ms="11100" started-at="2021-09-23T17:42:12 IST" finished-at="2021-09-23T17:42:23 IST">
          <reporter-output>
          </reporter-output>
        </test-method> <!-- setUp -->
        <test-method status="PASS" signature="tc_01_add_One_Item_In_Cart_and_Validate_the_item(java.lang.String)[pri:0, instance:com.amazon.testCases.TC_001_Amazon@3e2e18f2]" name="tc_01_add_One_Item_In_Cart_and_Validate_the_item" duration-ms="15982" started-at="2021-09-23T17:42:23 IST" data-provider="getProductName" finished-at="2021-09-23T17:42:39 IST">
          <params>
            <param index="0">
              <value>
                <![CDATA[PS4]]>
              </value>
            </param>
          </params>
          <reporter-output>
          </reporter-output>
        </test-method> <!-- tc_01_add_One_Item_In_Cart_and_Validate_the_item -->
        <test-method status="PASS" signature="tearDown()[pri:0, instance:com.amazon.testCases.TC_001_Amazon@3e2e18f2]" name="tearDown" is-config="true" duration-ms="897" started-at="2021-09-23T17:42:39 IST" finished-at="2021-09-23T17:42:40 IST">
          <reporter-output>
          </reporter-output>
        </test-method> <!-- tearDown -->
        <test-method status="PASS" signature="setUp()[pri:0, instance:com.amazon.testCases.TC_001_Amazon@3e2e18f2]" name="setUp" is-config="true" duration-ms="10124" started-at="2021-09-23T17:42:40 IST" finished-at="2021-09-23T17:42:50 IST">
          <reporter-output>
          </reporter-output>
        </test-method> <!-- setUp -->
        <test-method status="PASS" signature="tc_01_add_One_Item_In_Cart_and_Validate_the_item(java.lang.String)[pri:0, instance:com.amazon.testCases.TC_001_Amazon@3e2e18f2]" name="tc_01_add_One_Item_In_Cart_and_Validate_the_item" duration-ms="15678" started-at="2021-09-23T17:42:50 IST" data-provider="getProductName" finished-at="2021-09-23T17:43:06 IST">
          <params>
            <param index="0">
              <value>
                <![CDATA[Mivi Play 5 Watt Truly Wireless Bluetooth Portable Speaker (Black)]]>
              </value>
            </param>
          </params>
          <reporter-output>
          </reporter-output>
        </test-method> <!-- tc_01_add_One_Item_In_Cart_and_Validate_the_item -->
        <test-method status="PASS" signature="tearDown()[pri:0, instance:com.amazon.testCases.TC_001_Amazon@3e2e18f2]" name="tearDown" is-config="true" duration-ms="956" started-at="2021-09-23T17:43:06 IST" finished-at="2021-09-23T17:43:07 IST">
          <reporter-output>
          </reporter-output>
        </test-method> <!-- tearDown -->
      </class> <!-- com.amazon.testCases.TC_001_Amazon -->
    </test> <!-- Test -->
  </suite> <!-- Suite -->
</testng-results>
