<?xml version="1.0" encoding="UTF-8"?>
<testsuite xmlns:xsi="http://www.w3.org/2001/XMLSchema-instance" xsi:noNamespaceSchemaLocation="https://maven.apache.org/surefire/maven-surefire-plugin/xsd/surefire-test-report-3.0.xsd" version="3.0" name="TestSuite" time="387.004" tests="10" errors="0" skipped="0" failures="0">
  <properties>
[...]
</properties>
  <testcase name="tc_01_add_One_Item_In_Cart_and_Validate_the_item[Hair Dryer](1)" classname="com.amazon.testCases.TC_001_Amazon" time="28.242">
    <system-out><![CDATA[09-23-2021 17:40:29 TC_001_Amazon.java INFO  [main] testCases.TC_001_Amazon 44 - ****************************** Starting test cases execution  *****************************************
09-23-2021 17:40:29 TC_001_Amazon.java INFO  [main] testCases.TC_001_Amazon 45 - launching chrome broswer
Havells HD3151 1600 Watts Foldable Hair Dryer, 3 Heat (Hot/Cool/Warm) Settings with Cool Shot button (Turquoise)
PRODUCT_PRICE1,069.00
PRODUCT_PRICE_CART_PAGE1,069.00
Subtotal Amount of Products are =   1,069.00
]]></system-out>
    <system-err><![CDATA[SLF4J: Failed to load class "org.slf4j.impl.StaticLoggerBinder".
SLF4J: Defaulting to no-operation (NOP) logger implementation
SLF4J: See http://www.slf4j.org/codes.html#StaticLoggerBinder for further details.
Starting ChromeDriver 94.0.4606.41 (333e85df3c9b656b518b5f1add5ff246365b6c24-refs/branch-heads/4606@{#845}) on port 29101
Only local connections are allowed.
Please see https://chromedriver.chromium.org/security-considerations for suggestions on keeping ChromeDriver safe.
ChromeDriver was started successfully.
Sep 23, 2021 5:40:37 PM org.openqa.selenium.remote.ProtocolHandshake createSession
INFO: Detected dialect: W3C
]]></system-err>
  </testcase>
  <testcase name="tc_01_add_One_Item_In_Cart_and_Validate_the_item[Samsung Galaxy A1](2)" classname="com.amazon.testCases.TC_001_Amazon" time="15.079">
    <system-out><![CDATA[09-23-2021 17:41:19 TC_001_Amazon.java INFO  [main] testCases.TC_001_Amazon 95 - ****************************** Browser is closed *****************************************
09-23-2021 17:41:19 TC_001_Amazon.java INFO  [main] testCases.TC_001_Amazon 44 - ****************************** Starting test cases execution  *****************************************
09-23-2021 17:41:19 TC_001_Amazon.java INFO  [main] testCases.TC_001_Amazon 45 - launching chrome broswer
Samsung Galaxy A12 (White, 6GB RAM, 128GB Storage) with No Cost EMI/Additional Exchange Offers
PRODUCT_PRICE16,499.00
PRODUCT_PRICE_CART_PAGE16,499.00
Subtotal Amount of Products are =   16,499.00
]]></system-out>
    <system-err><![CDATA[Starting ChromeDriver 94.0.4606.41 (333e85df3c9b656b518b5f1add5ff246365b6c24-refs/branch-heads/4606@{#845}) on port 23980
Only local connections are allowed.
Please see https://chromedriver.chromium.org/security-considerations for suggestions on keeping ChromeDriver safe.
ChromeDriver was started successfully.
Sep 23, 2021 5:41:26 PM org.openqa.selenium.remote.ProtocolHandshake createSession
INFO: Detected dialect: W3C
]]></system-err>
  </testcase>
  <testcase name="tc_01_add_One_Item_In_Cart_and_Validate_the_item[Airpods](3)" classname="com.amazon.testCases.TC_001_Amazon" time="13.174">
    <system-out><![CDATA[09-23-2021 17:41:48 TC_001_Amazon.java INFO  [main] testCases.TC_001_Amazon 95 - ****************************** Browser is closed *****************************************
09-23-2021 17:41:48 TC_001_Amazon.java INFO  [main] testCases.TC_001_Amazon 44 - ****************************** Starting test cases execution  *****************************************
09-23-2021 17:41:48 TC_001_Amazon.java INFO  [main] testCases.TC_001_Amazon 45 - launching chrome broswer
Apple AirPods with Charging Case
PRODUCT_PRICE12,990.00
PRODUCT_PRICE_CART_PAGE12,990.00
Subtotal Amount of Products are =   12,990.00
]]></system-out>
    <system-err><![CDATA[Starting ChromeDriver 94.0.4606.41 (333e85df3c9b656b518b5f1add5ff246365b6c24-refs/branch-heads/4606@{#845}) on port 22390
Only local connections are allowed.
Please see https://chromedriver.chromium.org/security-considerations for suggestions on keeping ChromeDriver safe.
ChromeDriver was started successfully.
Sep 23, 2021 5:41:52 PM org.openqa.selenium.remote.ProtocolHandshake createSession
INFO: Detected dialect: W3C
]]></system-err>
  </testcase>
  <testcase name="tc_01_add_One_Item_In_Cart_and_Validate_the_item[PS4](4)" classname="com.amazon.testCases.TC_001_Amazon" time="15.974">
    <system-out><![CDATA[09-23-2021 17:42:12 TC_001_Amazon.java INFO  [main] testCases.TC_001_Amazon 95 - ****************************** Browser is closed *****************************************
09-23-2021 17:42:12 TC_001_Amazon.java INFO  [main] testCases.TC_001_Amazon 44 - ****************************** Starting test cases execution  *****************************************
09-23-2021 17:42:12 TC_001_Amazon.java INFO  [main] testCases.TC_001_Amazon 45 - launching chrome broswer
PS4 Marvel's Spider-Man: Miles Morales (PS4)
PRODUCT_PRICE2,669.00
PRODUCT_PRICE_CART_PAGE2,669.00
Subtotal Amount of Products are =   2,669.00
]]></system-out>
    <system-err><![CDATA[Starting ChromeDriver 94.0.4606.41 (333e85df3c9b656b518b5f1add5ff246365b6c24-refs/branch-heads/4606@{#845}) on port 21368
Only local connections are allowed.
Please see https://chromedriver.chromium.org/security-considerations for suggestions on keeping ChromeDriver safe.
ChromeDriver was started successfully.
Sep 23, 2021 5:42:15 PM org.openqa.selenium.remote.ProtocolHandshake createSession
INFO: Detected dialect: W3C
]]></system-err>
  </testcase>
  <testcase name="tc_01_add_One_Item_In_Cart_and_Validate_the_item[Mivi Play 5 Watt Truly Wireless Bluetooth Portable Speaker (Black)](5)" classname="com.amazon.testCases.TC_001_Amazon" time="15.662">
    <system-out><![CDATA[09-23-2021 17:42:40 TC_001_Amazon.java INFO  [main] testCases.TC_001_Amazon 95 - ****************************** Browser is closed *****************************************
09-23-2021 17:42:40 TC_001_Amazon.java INFO  [main] testCases.TC_001_Amazon 44 - ****************************** Starting test cases execution  *****************************************
09-23-2021 17:42:40 TC_001_Amazon.java INFO  [main] testCases.TC_001_Amazon 45 - launching chrome broswer
Mivi Play 5 Watt Truly Wireless Bluetooth Portable Speaker (Black)
PRODUCT_PRICE799.00
PRODUCT_PRICE_CART_PAGE799.00
Subtotal Amount of Products are =   799.00
]]></system-out>
    <system-err><![CDATA[Starting ChromeDriver 94.0.4606.41 (333e85df3c9b656b518b5f1add5ff246365b6c24-refs/branch-heads/4606@{#845}) on port 48980
Only local connections are allowed.
Please see https://chromedriver.chromium.org/security-considerations for suggestions on keeping ChromeDriver safe.
ChromeDriver was started successfully.
Sep 23, 2021 5:42:45 PM org.openqa.selenium.remote.ProtocolHandshake createSession
INFO: Detected dialect: W3C
]]></system-err>
  </testcase>
  <testcase name="tc_002_add_more_items_and_validate[Hair Dryer, Samsung Galaxy A1](1)" classname="com.amazon.testCases.TC_002_Amazon" time="30.625">
    <system-out><![CDATA[09-23-2021 17:43:07 TC_001_Amazon.java INFO  [main] testCases.TC_001_Amazon 95 - ****************************** Browser is closed *****************************************
09-23-2021 17:43:07 TC_002_Amazon.java INFO  [main] testCases.TC_002_Amazon 39 - ****************************** Starting test cases execution  *****************************************
09-23-2021 17:43:07 TC_002_Amazon.java INFO  [main] testCases.TC_002_Amazon 40 - launching chrome broswer
Samsung Galaxy A12 (White, 6GB RAM, 128GB Storage) with No Cost EMI/Additional Exchange Offers
PRODUCT_PRICE [16,499.00, 1,069.00]
PRODUCT_PRICE_CART_PAGE 1,069.00
Subtotal Amount of Products are =   17,568.00
]]></system-out>
    <system-err><![CDATA[Starting ChromeDriver 94.0.4606.41 (333e85df3c9b656b518b5f1add5ff246365b6c24-refs/branch-heads/4606@{#845}) on port 4879
Only local connections are allowed.
Please see https://chromedriver.chromium.org/security-considerations for suggestions on keeping ChromeDriver safe.
ChromeDriver was started successfully.
Sep 23, 2021 5:43:11 PM org.openqa.selenium.remote.ProtocolHandshake createSession
INFO: Detected dialect: W3C
]]></system-err>
  </testcase>
  <testcase name="tc_002_add_more_items_and_validate[Samsung Galaxy A1, Airpods](2)" classname="com.amazon.testCases.TC_002_Amazon" time="27.474">
    <system-out><![CDATA[09-23-2021 17:43:48 TC_002_Amazon.java INFO  [main] testCases.TC_002_Amazon 132 - ****************************** Browser is closed *****************************************
09-23-2021 17:43:48 TC_002_Amazon.java INFO  [main] testCases.TC_002_Amazon 39 - ****************************** Starting test cases execution  *****************************************
09-23-2021 17:43:48 TC_002_Amazon.java INFO  [main] testCases.TC_002_Amazon 40 - launching chrome broswer
Apple AirPods with Charging Case
PRODUCT_PRICE [12,990.00, 16,499.00]
PRODUCT_PRICE_CART_PAGE 16,499.00
Subtotal Amount of Products are =   29,489.00
]]></system-out>
    <system-err><![CDATA[Starting ChromeDriver 94.0.4606.41 (333e85df3c9b656b518b5f1add5ff246365b6c24-refs/branch-heads/4606@{#845}) on port 30635
Only local connections are allowed.
Please see https://chromedriver.chromium.org/security-considerations for suggestions on keeping ChromeDriver safe.
ChromeDriver was started successfully.
Sep 23, 2021 5:43:52 PM org.openqa.selenium.remote.ProtocolHandshake createSession
INFO: Detected dialect: W3C
]]></system-err>
  </testcase>
  <testcase name="tc_002_add_more_items_and_validate[PS4, Samsung Galaxy A1](3)" classname="com.amazon.testCases.TC_002_Amazon" time="30.121">
    <system-out><![CDATA[09-23-2021 17:44:31 TC_002_Amazon.java INFO  [main] testCases.TC_002_Amazon 132 - ****************************** Browser is closed *****************************************
09-23-2021 17:44:31 TC_002_Amazon.java INFO  [main] testCases.TC_002_Amazon 39 - ****************************** Starting test cases execution  *****************************************
09-23-2021 17:44:31 TC_002_Amazon.java INFO  [main] testCases.TC_002_Amazon 40 - launching chrome broswer
Samsung Galaxy A12 (White, 6GB RAM, 128GB Storage) with No Cost EMI/Additional Exchange Offers
PRODUCT_PRICE [16,499.00, 2,669.00]
PRODUCT_PRICE_CART_PAGE 2,669.00
Subtotal Amount of Products are =   19,168.00
]]></system-out>
    <system-err><![CDATA[Starting ChromeDriver 94.0.4606.41 (333e85df3c9b656b518b5f1add5ff246365b6c24-refs/branch-heads/4606@{#845}) on port 5398
Only local connections are allowed.
Please see https://chromedriver.chromium.org/security-considerations for suggestions on keeping ChromeDriver safe.
ChromeDriver was started successfully.
Sep 23, 2021 5:44:37 PM org.openqa.selenium.remote.ProtocolHandshake createSession
INFO: Detected dialect: W3C
]]></system-err>
  </testcase>
  <testcase name="tc_002_add_more_items_and_validate[Mivi Play 5 Watt Truly Wireless Bluetooth Portable Speaker (Black), Airpods](4)" classname="com.amazon.testCases.TC_002_Amazon" time="30.768">
    <system-out><![CDATA[09-23-2021 17:45:15 TC_002_Amazon.java INFO  [main] testCases.TC_002_Amazon 132 - ****************************** Browser is closed *****************************************
09-23-2021 17:45:15 TC_002_Amazon.java INFO  [main] testCases.TC_002_Amazon 39 - ****************************** Starting test cases execution  *****************************************
09-23-2021 17:45:15 TC_002_Amazon.java INFO  [main] testCases.TC_002_Amazon 40 - launching chrome broswer
Apple AirPods with Charging Case
PRODUCT_PRICE [12,990.00, 799.00]
PRODUCT_PRICE_CART_PAGE 799.00
Subtotal Amount of Products are =   13,789.00
]]></system-out>
    <system-err><![CDATA[Starting ChromeDriver 94.0.4606.41 (333e85df3c9b656b518b5f1add5ff246365b6c24-refs/branch-heads/4606@{#845}) on port 13488
Only local connections are allowed.
Please see https://chromedriver.chromium.org/security-considerations for suggestions on keeping ChromeDriver safe.
ChromeDriver was started successfully.
Sep 23, 2021 5:45:21 PM org.openqa.selenium.remote.ProtocolHandshake createSession
INFO: Detected dialect: W3C
]]></system-err>
  </testcase>
  <testcase name="tc_002_add_more_items_and_validate[Mivi Play 5 Watt Truly Wireless Bluetooth Portable Speaker (Black), Hair Dryer](5)" classname="com.amazon.testCases.TC_002_Amazon" time="33.009">
    <system-out><![CDATA[09-23-2021 17:46:03 TC_002_Amazon.java INFO  [main] testCases.TC_002_Amazon 132 - ****************************** Browser is closed *****************************************
09-23-2021 17:46:03 TC_002_Amazon.java INFO  [main] testCases.TC_002_Amazon 39 - ****************************** Starting test cases execution  *****************************************
09-23-2021 17:46:03 TC_002_Amazon.java INFO  [main] testCases.TC_002_Amazon 40 - launching chrome broswer
Havells HD3151 1600 Watts Foldable Hair Dryer, 3 Heat (Hot/Cool/Warm) Settings with Cool Shot button (Turquoise)
PRODUCT_PRICE [1,069.00, 799.00]
PRODUCT_PRICE_CART_PAGE 799.00
Subtotal Amount of Products are =   1,868.00
]]></system-out>
    <system-err><![CDATA[Starting ChromeDriver 94.0.4606.41 (333e85df3c9b656b518b5f1add5ff246365b6c24-refs/branch-heads/4606@{#845}) on port 30262
Only local connections are allowed.
Please see https://chromedriver.chromium.org/security-considerations for suggestions on keeping ChromeDriver safe.
ChromeDriver was started successfully.
Sep 23, 2021 5:46:10 PM org.openqa.selenium.remote.ProtocolHandshake createSession
INFO: Detected dialect: W3C
]]></system-err>
  </testcase>
</testsuite>